<?xml version="1.0" encoding="UTF-8"?>
<testsuite name="gorest-api-test-automation-restassured"
           tests="6"
           failures="0"
           errors="0"
           skipped="0"
           time="3.814">
  <properties />
  
  
            <testcase name="shouldFetchAllUsersFromDefaultPageAssertThat" time="0.700" classname="pl.globallogic.gorest.UserApiCrudBasicVerificationTest" />
                <testcase name="shouldUpdateExistingUserWithNewData" time="0.566" classname="pl.globallogic.gorest.UserApiCrudBasicVerificationTest" />
                <testcase name="shouldDeleteExistingUserUsingId" time="0.653" classname="pl.globallogic.gorest.UserApiCrudBasicVerificationTest" />
                <testcase name="shouldFetchAllUsersFromDefaultPageBodyExtract" time="0.619" classname="pl.globallogic.gorest.UserApiCrudBasicVerificationTest" />
                <testcase name="shouldCreateUserAndReturnId" time="0.661" classname="pl.globallogic.gorest.UserApiCrudBasicVerificationTest" />
                <testcase name="userDataShouldContainId" time="0.615" classname="pl.globallogic.gorest.UserApiCrudBasicVerificationTest" />
      
</testsuite>
